<?xml version="1.0" encoding="UTF-8"?>
<testng-results ignored="0" total="1" passed="1" failed="0" skipped="0">
  <reporter-output>
    <line>
      <![CDATA[Passed]]>
    </line>
  </reporter-output>
  <suite started-at="2025-01-16T12:27:28 IST" name="Jenkins_gdrx" finished-at="2025-01-16T12:28:03 IST" duration-ms="34722">
    <groups>
    </groups>
    <test started-at="2025-01-16T12:27:28 IST" name="Goodrxmedicine" finished-at="2025-01-16T12:28:03 IST" duration-ms="34722">
      <class name="Testcases.TC001">
        <test-method signature="Order()[pri:0, instance:Testcases.TC001@506ae4d4]" started-at="2025-01-16T12:27:28 IST" name="Order" finished-at="2025-01-16T12:28:03 IST" duration-ms="34668" status="PASS">
          <reporter-output>
            <line>
              <![CDATA[Passed]]>
            </line>
          </reporter-output>
        </test-method> <!-- Order -->
      </class> <!-- Testcases.TC001 -->
    </test> <!-- Goodrxmedicine -->
  </suite> <!-- Jenkins_gdrx -->
</testng-results>
